<?xml version="1.0" encoding="UTF-8"?>
<testng-results ignored="0" total="2" passed="2" failed="0" skipped="0">
  <reporter-output>
  </reporter-output>
  <suite started-at="2024-02-12T06:41:39Z" name="Default suite" finished-at="2024-02-12T06:41:40Z" duration-ms="563">
    <groups>
      <group name="cucumber">
        <method signature="AbstractTestNGCucumberTests.runScenario(io.cucumber.testng.PickleWrapper, io.cucumber.testng.FeatureWrapper)[pri:0, instance:runner.tagged@5ef5c734]" name="runScenario" class="io.cucumber.testng.AbstractTestNGCucumberTests"/>
      </group> <!-- cucumber -->
    </groups>
    <test started-at="2024-02-12T06:41:39Z" name="Default test" finished-at="2024-02-12T06:41:40Z" duration-ms="563">
      <class name="runner.tagged">
        <test-method is-config="true" signature="setUpClass(org.testng.ITestContext)[pri:0, instance:runner.tagged@5ef5c734]" started-at="2024-02-12T06:41:39Z" name="setUpClass" finished-at="2024-02-12T06:41:39Z" duration-ms="320" status="PASS">
          <params>
            <param index="0">
              <value>
                <![CDATA[org.testng.TestRunner@7d61eccf]]>
              </value>
            </param>
          </params>
          <reporter-output>
          </reporter-output>
        </test-method> <!-- setUpClass -->
        <test-method signature="runScenario(io.cucumber.testng.PickleWrapper, io.cucumber.testng.FeatureWrapper)[pri:0, instance:runner.tagged@5ef5c734]" started-at="2024-02-12T06:41:39Z" name="runScenario" description="Runs Cucumber Scenarios" data-provider="scenarios" finished-at="2024-02-12T06:41:40Z" duration-ms="188" status="PASS">
          <params>
            <param index="0">
              <value>
                <![CDATA["Add item to cart"]]>
              </value>
            </param>
            <param index="1">
              <value>
                <![CDATA["Shopping cart"]]>
              </value>
            </param>
          </params>
          <reporter-output>
          </reporter-output>
        </test-method> <!-- runScenario -->
        <test-method signature="runScenario(io.cucumber.testng.PickleWrapper, io.cucumber.testng.FeatureWrapper)[pri:0, instance:runner.tagged@5ef5c734]" started-at="2024-02-12T06:41:40Z" name="runScenario" description="Runs Cucumber Scenarios" data-provider="scenarios" finished-at="2024-02-12T06:41:40Z" duration-ms="15" status="PASS">
          <params>
            <param index="0">
              <value>
                <![CDATA["Remove item to cart"]]>
              </value>
            </param>
            <param index="1">
              <value>
                <![CDATA["Shopping cart"]]>
              </value>
            </param>
          </params>
          <reporter-output>
          </reporter-output>
        </test-method> <!-- runScenario -->
        <test-method is-config="true" signature="tearDownClass()[pri:0, instance:runner.tagged@5ef5c734]" started-at="2024-02-12T06:41:40Z" name="tearDownClass" finished-at="2024-02-12T06:41:40Z" duration-ms="4" status="PASS">
          <reporter-output>
          </reporter-output>
        </test-method> <!-- tearDownClass -->
      </class> <!-- runner.tagged -->
    </test> <!-- Default test -->
  </suite> <!-- Default suite -->
</testng-results>
